<?xml version="1.0" encoding="UTF-8"?>
<!-- Generated by org.testng.reporters.JUnitReportReporter -->
<testsuite hostname="DESKTOP-C2FHU4V" failures="0" tests="1" name="TestNG.TC1" time="61.526" errors="0" timestamp="29 Dec 2017 11:03:29 GMT" skipped="0">
  <testcase classname="TestNG.TC1" name="VerifyOrangeHRM" time="61.526"/>
</testsuite> <!-- TestNG.TC1 -->
