<?xml version="1.0" encoding="UTF-8"?>
<!-- Generated by org.testng.reporters.JUnitReportReporter -->
<testsuite hostname="DESKTOP-C2FHU4V" failures="0" tests="5" name="TestNG.parameterswithdataprovider" time="0.031" errors="0" timestamp="29 Dec 2017 11:11:50 GMT" skipped="0">
  <testcase classname="TestNG.parameterswithdataprovider" name="testPrimeNumberChecker" time="0.000"/>
  <testcase classname="TestNG.parameterswithdataprovider" name="testPrimeNumberChecker" time="0.016"/>
  <testcase classname="TestNG.parameterswithdataprovider" name="testPrimeNumberChecker" time="0.000"/>
  <testcase classname="TestNG.parameterswithdataprovider" name="testPrimeNumberChecker" time="0.015"/>
  <testcase classname="TestNG.parameterswithdataprovider" name="testPrimeNumberChecker" time="0.000"/>
</testsuite> <!-- TestNG.parameterswithdataprovider -->
