<?xml version="1.0" encoding="UTF-8"?>
<!-- Generated by org.testng.reporters.JUnitReportReporter -->
<testsuite hostname="DESKTOP-C2FHU4V" failures="0" tests="1" name="TestNG.testngparameters_1" time="0.000" errors="0" timestamp="29 Dec 2017 11:40:22 GMT" skipped="0">
  <testcase classname="TestNG.testngparameters_1" name="parameterTest" time="0.000"/>
</testsuite> <!-- TestNG.testngparameters_1 -->
